Using pre-set license
Built from '2020.3/staging' branch; Version is '2020.3.26f1 (7298b473bc1a) revision 7510196'; Using compiler version '192528614'; Build Type 'Release'
OS: 'Windows 8.1  (6.3.0) 64bit CoreSingleLanguage' Language: 'en' Physical Memory: 8094 MB
BatchMode: 1, IsHumanControllingUs: 0, StartBugReporterOnCrash: 0, Is64bit: 1, IsPro: 0

COMMAND LINE ARGUMENTS:
C:\Program Files\Unity\Hub\Editor\2020.3.26f1\Editor\Unity.exe
-adb2
-batchMode
-noUpm
-name
AssetImportWorker0
-projectPath
D:/Uni - BC/Courses/IGS 520 Immersive Tech/Learning/VuforiaLearning
-logFile
Logs/AssetImportWorker0.log
-srvPort
63460
Successfully changed project path to: D:/Uni - BC/Courses/IGS 520 Immersive Tech/Learning/VuforiaLearning
D:/Uni - BC/Courses/IGS 520 Immersive Tech/Learning/VuforiaLearning
Using Asset Import Pipeline V2.
Refreshing native plugins compatible for Editor in 74.24 ms, found 5 plugins.
Preloading 2 native plugins for Editor in 3.93 ms.
Initialize engine version: 2020.3.26f1 (7298b473bc1a)
[Subsystems] Discovering subsystems at path C:/Program Files/Unity/Hub/Editor/2020.3.26f1/Editor/Data/Resources/UnitySubsystems
[Subsystems] Discovering subsystems at path D:/Uni - BC/Courses/IGS 520 Immersive Tech/Learning/VuforiaLearning/Assets
GfxDevice: creating device client; threaded=0
d3d11: QueryInterface(IDXGIFactory5) failed (80004002).
Direct3D:
    Version:  Direct3D 11.0 [level 11.0]
    Renderer: NVIDIA GeForce 920M (ID=0x1299)
    Vendor:   
    VRAM:     1981 MB
    Driver:   21.21.13.7654
Initialize mono
Mono path[0] = 'C:/Program Files/Unity/Hub/Editor/2020.3.26f1/Editor/Data/Managed'
Mono path[1] = 'C:/Program Files/Unity/Hub/Editor/2020.3.26f1/Editor/Data/MonoBleedingEdge/lib/mono/unityjit'
Mono config path = 'C:/Program Files/Unity/Hub/Editor/2020.3.26f1/Editor/Data/MonoBleedingEdge/etc'
Using monoOptions --debugger-agent=transport=dt_socket,embedding=1,server=y,suspend=n,address=127.0.0.1:56464
Begin MonoManager ReloadAssembly
Registering precompiled unity dll's ...
Register platform support module: C:/Program Files/Unity/Hub/Editor/2020.3.26f1/Editor/Data/PlaybackEngines/WebGLSupport/UnityEditor.WebGL.Extensions.dll
Register platform support module: C:/Program Files/Unity/Hub/Editor/2020.3.26f1/Editor/Data/PlaybackEngines/WindowsStandaloneSupport/UnityEditor.WindowsStandalone.Extensions.dll
Registered in 0.001674 seconds.
Native extension for WindowsStandalone target not found
Native extension for WebGL target not found
Refreshing native plugins compatible for Editor in 64.69 ms, found 5 plugins.
Preloading 2 native plugins for Editor in 0.07 ms.
Mono: successfully reloaded assembly
- Completed reload, in  0.980 seconds
Domain Reload Profiling:
	ReloadAssembly (980ms)
		BeginReloadAssembly (82ms)
			ExecutionOrderSort (0ms)
			DisableScriptedObjects (0ms)
			BackupInstance (0ms)
			ReleaseScriptingObjects (0ms)
			CreateAndSetChildDomain (1ms)
		EndReloadAssembly (814ms)
			LoadAssemblies (79ms)
			RebuildTransferFunctionScriptingTraits (0ms)
			SetupTypeCache (194ms)
			ReleaseScriptCaches (0ms)
			RebuildScriptCaches (97ms)
			SetupLoadedEditorAssemblies (240ms)
				LogAssemblyErrors (0ms)
				InitializePlatformSupportModulesInManaged (5ms)
				SetLoadedEditorAssemblies (0ms)
				RefreshPlugins (65ms)
				BeforeProcessingInitializeOnLoad (10ms)
				ProcessInitializeOnLoadAttributes (122ms)
				ProcessInitializeOnLoadMethodAttributes (38ms)
				AfterProcessingInitializeOnLoad (0ms)
				EditorAssembliesLoaded (0ms)
			ExecutionOrderSort2 (0ms)
			AwakeInstancesAfterBackupRestoration (0ms)
Platform modules already initialized, skipping
Registering precompiled user dll's ...
Registered in 0.009813 seconds.
Begin MonoManager ReloadAssembly
Native extension for WindowsStandalone target not found
Native extension for WebGL target not found
Refreshing native plugins compatible for Editor in 0.79 ms, found 5 plugins.
Preloading 2 native plugins for Editor in 0.08 ms.
System.NullReferenceException: Object reference not set to an instance of an object
  at Vuforia.EditorClasses.ExtensionTypeProvider.GetVuforiaPackageAbsPath () [0x0004a] in <8c7c352943ca478e890a7dfd528a7666>:0 
  at Vuforia.EditorClasses.ExtensionTypeProvider.IsPackageManager () [0x00000] in <8c7c352943ca478e890a7dfd528a7666>:0 
  at Vuforia.EditorClasses.ExtensionTypeProvider.ResolvePluginType () [0x00009] in <8c7c352943ca478e890a7dfd528a7666>:0 
  at Vuforia.EditorClasses.ExtensionTypeProvider.GetPluginType () [0x0000c] in <8c7c352943ca478e890a7dfd528a7666>:0 
  at Vuforia.EditorClasses.VuforiaUtilities.IsVuforiaEnabledInPlayerSettings () [0x00000] in <8c7c352943ca478e890a7dfd528a7666>:0 
  at VuforiaEnabledObserver..cctor () [0x00000] in <8c7c352943ca478e890a7dfd528a7666>:0 
UnityEngine.StackTraceUtility:ExtractStackTrace ()
UnityEngine.DebugLogHandler:LogFormat (UnityEngine.LogType,UnityEngine.Object,string,object[])
UnityEngine.Logger:Log (UnityEngine.LogType,object)
UnityEngine.Debug:LogError (object)
UnityEditor.EditorAssemblies:ProcessInitializeOnLoadAttributes (System.Type[])

System.NullReferenceException: Object reference not set to an instance of an object
  at Vuforia.EditorClasses.ExtensionTypeProvider.GetVuforiaPackageAbsPath () [0x0004a] in <8c7c352943ca478e890a7dfd528a7666>:0 
  at Vuforia.EditorClasses.ExtensionTypeProvider.IsPackageManager () [0x00000] in <8c7c352943ca478e890a7dfd528a7666>:0 
  at Vuforia.EditorClasses.ExtensionTypeProvider.ResolvePluginType () [0x00009] in <8c7c352943ca478e890a7dfd528a7666>:0 
  at Vuforia.EditorClasses.ExtensionTypeProvider.GetPluginType () [0x0000c] in <8c7c352943ca478e890a7dfd528a7666>:0 
  at Vuforia.EditorClasses.VuforiaUtilities.IsVuforiaEnabledInPlayerSettings () [0x00000] in <8c7c352943ca478e890a7dfd528a7666>:0 
  at Vuforia.EditorClasses.InitializeOnLoadVuforiaTaskRunner..cctor () [0x00015] in <8c7c352943ca478e890a7dfd528a7666>:0 
UnityEngine.StackTraceUtility:ExtractStackTrace ()
UnityEngine.DebugLogHandler:LogFormat (UnityEngine.LogType,UnityEngine.Object,string,object[])
UnityEngine.Logger:Log (UnityEngine.LogType,object)
UnityEngine.Debug:LogError (object)
UnityEditor.EditorAssemblies:ProcessInitializeOnLoadAttributes (System.Type[])

Mono: successfully reloaded assembly
- Completed reload, in  1.414 seconds
Domain Reload Profiling:
	ReloadAssembly (1415ms)
		BeginReloadAssembly (179ms)
			ExecutionOrderSort (0ms)
			DisableScriptedObjects (7ms)
			BackupInstance (0ms)
			ReleaseScriptingObjects (0ms)
			CreateAndSetChildDomain (24ms)
		EndReloadAssembly (1163ms)
			LoadAssemblies (118ms)
			RebuildTransferFunctionScriptingTraits (0ms)
			SetupTypeCache (463ms)
			ReleaseScriptCaches (0ms)
			RebuildScriptCaches (61ms)
			SetupLoadedEditorAssemblies (390ms)
				LogAssemblyErrors (0ms)
				InitializePlatformSupportModulesInManaged (6ms)
				SetLoadedEditorAssemblies (1ms)
				RefreshPlugins (1ms)
				BeforeProcessingInitializeOnLoad (66ms)
				ProcessInitializeOnLoadAttributes (301ms)
				ProcessInitializeOnLoadMethodAttributes (11ms)
				AfterProcessingInitializeOnLoad (5ms)
				EditorAssembliesLoaded (0ms)
			ExecutionOrderSort2 (0ms)
			AwakeInstancesAfterBackupRestoration (8ms)
Platform modules already initialized, skipping
========================================================================
Worker process is ready to serve import requests
Launched and connected shader compiler UnityShaderCompiler.exe after 0.03 seconds
Refreshing native plugins compatible for Editor in 0.74 ms, found 5 plugins.
Preloading 2 native plugins for Editor in 0.07 ms.
Unloading 1657 Unused Serialized files (Serialized files now loaded: 0)
System memory in use before: 78.8 MB.
System memory in use after: 78.8 MB.

Unloading 45 unused Assets to reduce memory usage. Loaded Objects now: 2395.
Total: 3.745392 ms (FindLiveObjects: 0.184319 ms CreateObjectMapping: 0.068425 ms MarkObjects: 3.395571 ms  DeleteObjects: 0.095367 ms)

AssetImportParameters requested are different than current active one (requested -> active):
  custom:framework-win-MediaFoundation: 216162199b28c13a410421893ffa2e32 -> 
  custom:video-decoder-ogg-theora: a1e56fd34408186e4bbccfd4996cb3dc -> 
  custom:container-muxer-webm: aa71ff27fc2769a1b78a27578f13a17b -> 
  custom:container-demuxer-webm: 4f35f7cbe854078d1ac9338744f61a02 -> 
  custom:container-demuxer-ogg: 62fdf1f143b41e24485cea50d1cbac27 -> 
  custom:video-encoder-webm-vp8: eb34c28f22e8b96e1ab97ce403110664 -> 
  custom:video-decoder-webm-vp8: 9c59270c3fd7afecdb556c50c9e8de78 -> 
  custom:audio-decoder-ogg-vorbis: bf7c407c2cedff20999df2af8eb42d56 -> 
  custom:audio-encoder-webm-vorbis: bf7c407c2cedff20999df2af8eb42d56 -> 
========================================================================
Received Import Request.
  path: Assets/Police Car & Helicopter/Models/Interceptor_MeshCollider.fbx
  artifactKey: Guid(7ebd38507cc5db04181efedcf8f2b8fe) Importer(815301076,1909f56bfc062723c751e8b465ee728b)
Start importing Assets/Police Car & Helicopter/Models/Interceptor_MeshCollider.fbx using Guid(7ebd38507cc5db04181efedcf8f2b8fe) Importer(815301076,1909f56bfc062723c751e8b465ee728b)  -> (artifact id: '67ce81e143887ebcc18d2aca7d8a2d27') in 1.672525 seconds 
  Import took 1.676562 seconds .

========================================================================
Received Import Request.
  Time since last request: 0.000203 seconds.
  path: Assets/Police Car & Helicopter/Models/Helicopter.fbx
  artifactKey: Guid(ce8f0f92d8b5b4346bb543cd88aac046) Importer(815301076,1909f56bfc062723c751e8b465ee728b)
Start importing Assets/Police Car & Helicopter/Models/Helicopter.fbx using Guid(ce8f0f92d8b5b4346bb543cd88aac046) Importer(815301076,1909f56bfc062723c751e8b465ee728b)  -> (artifact id: '71e134a2c4c9cc80aa0cea5d8062ae2e') in 0.470953 seconds 
  Import took 0.475175 seconds .

========================================================================
Received Import Request.
  Time since last request: 0.000242 seconds.
  path: Assets/Police Car & Helicopter/Models/Helicopter_MeshCollider.fbx
  artifactKey: Guid(e111039dc4b8fd14ab2108eaeff9f9eb) Importer(815301076,1909f56bfc062723c751e8b465ee728b)
Start importing Assets/Police Car & Helicopter/Models/Helicopter_MeshCollider.fbx using Guid(e111039dc4b8fd14ab2108eaeff9f9eb) Importer(815301076,1909f56bfc062723c751e8b465ee728b)  -> (artifact id: 'd2d36d6d5ee41c0deedd00d24212c985') in 0.032578 seconds 
  Import took 0.285924 seconds .

========================================================================
Received Import Request.
  Time since last request: 0.000246 seconds.
  path: Assets/Police Car & Helicopter/Models/Interceptor.fbx
  artifactKey: Guid(d61b66c1a6f31a3448c7945603495569) Importer(815301076,1909f56bfc062723c751e8b465ee728b)
Start importing Assets/Police Car & Helicopter/Models/Interceptor.fbx using Guid(d61b66c1a6f31a3448c7945603495569) Importer(815301076,1909f56bfc062723c751e8b465ee728b)  -> (artifact id: '338206651f0c808b3e7074298fc9fca7') in 0.094756 seconds 
  Import took 0.098097 seconds .

========================================================================
Received Import Request.
  Time since last request: 2.241428 seconds.
  path: Assets/Police Car & Helicopter/Prefabs
  artifactKey: Guid(099968044535fc640a5cee721a538a63) Importer(815301076,1909f56bfc062723c751e8b465ee728b)
Start importing Assets/Police Car & Helicopter/Prefabs using Guid(099968044535fc640a5cee721a538a63) Importer(815301076,1909f56bfc062723c751e8b465ee728b)  -> (artifact id: 'df8528459f2e2bcc437c0590487b6caf') in 0.008005 seconds 
  Import took 0.011991 seconds .

========================================================================
Received Import Request.
  Time since last request: 0.057849 seconds.
  path: Assets/Police Car & Helicopter/Prefabs/Helicopter.prefab
  artifactKey: Guid(ebfa405660e25c549bb7039f0b44f8ff) Importer(815301076,1909f56bfc062723c751e8b465ee728b)
Start importing Assets/Police Car & Helicopter/Prefabs/Helicopter.prefab using Guid(ebfa405660e25c549bb7039f0b44f8ff) Importer(815301076,1909f56bfc062723c751e8b465ee728b)  -> (artifact id: '26a8c0084d848771bf63ae043849e10e') in 0.150019 seconds 
  Import took 0.154979 seconds .

========================================================================
Received Import Request.
  Time since last request: 0.000201 seconds.
  path: Assets/Police Car & Helicopter/Prefabs/Interceptor.prefab
  artifactKey: Guid(7be733fca5977484eab72a8eca73b1b2) Importer(815301076,1909f56bfc062723c751e8b465ee728b)
Start importing Assets/Police Car & Helicopter/Prefabs/Interceptor.prefab using Guid(7be733fca5977484eab72a8eca73b1b2) Importer(815301076,1909f56bfc062723c751e8b465ee728b)  -> (artifact id: '956be962aa81b0bdfddd1ab3a3121027') in 0.031015 seconds 
  Import took 0.034671 seconds .

========================================================================
Received Import Request.
  Time since last request: 60.872804 seconds.
  path: Assets/Police Car & Helicopter/Animations
  artifactKey: Guid(1be2ac6d91101ee4ea94b18a5190a494) Importer(815301076,1909f56bfc062723c751e8b465ee728b)
Start importing Assets/Police Car & Helicopter/Animations using Guid(1be2ac6d91101ee4ea94b18a5190a494) Importer(815301076,1909f56bfc062723c751e8b465ee728b)  -> (artifact id: '87dcfc356bb5e435459cd654eaec5683') in 0.016667 seconds 
  Import took 0.021171 seconds .

========================================================================
Received Import Request.
  Time since last request: 4.250332 seconds.
  path: Assets/Police Car & Helicopter/Animations/Helicopter_Idle.anim
  artifactKey: Guid(6372c21cbadc8b14b8cf6a040c0fa131) Importer(815301076,1909f56bfc062723c751e8b465ee728b)
Start importing Assets/Police Car & Helicopter/Animations/Helicopter_Idle.anim using Guid(6372c21cbadc8b14b8cf6a040c0fa131) Importer(815301076,1909f56bfc062723c751e8b465ee728b)  -> (artifact id: '99549f3e6f5c44eb553eb78759350752') in 0.009683 seconds 
  Import took 0.013516 seconds .

========================================================================
Received Import Request.
  Time since last request: 1.377156 seconds.
  path: Assets/Police Car & Helicopter/Animations/Helicopter.controller
  artifactKey: Guid(1e03d5531122c1c4d96867801cf2a8ff) Importer(815301076,1909f56bfc062723c751e8b465ee728b)
Start importing Assets/Police Car & Helicopter/Animations/Helicopter.controller using Guid(1e03d5531122c1c4d96867801cf2a8ff) Importer(815301076,1909f56bfc062723c751e8b465ee728b)  -> (artifact id: '49d8af765943ec62087ae49aef520127') in 0.004595 seconds 
  Import took 0.041893 seconds .

